<?xml version="1.0" encoding="UTF-8"?>
<trace:TraceModel xmi:version="2.0" xmlns:xmi="http://www.omg.org/XMI" xmlns:trace="http://www.eclipse.org/gmf/2006/Trace">
  <nodeTraces visualID="2011" queryText="(let _eClass_:ecore::EClass = modelFacet.metaClass.ecoreClass in _eClass_.ePackage.nsURI = 'http://opaeum.org/uimetamodel/editor/1.0' and _eClass_.name = 'ActionBar') and (let _containmentMF_:ecore::EStructuralFeature = modelFacet.containmentMetaFeature.ecoreFeature in (let _eClass_:ecore::EClass = _containmentMF_.eContainingClass in _eClass_.ePackage.nsURI = 'http://opaeum.org/uimetamodel/editor/1.0' and _eClass_.name = 'AbstractEditor') and _containmentMF_.name = 'actionBar')">
    <nodeLabelTraces visualID="5016" queryText="true"/>
    <compartmentTraces visualID="7001" queryText="true"/>
  </nodeTraces>
  <childNodeTraces visualID="3001" queryText="(let _eClass_:ecore::EClass = modelFacet.metaClass.ecoreClass in _eClass_.ePackage.nsURI = 'http://opaeum.org/uimetamodel/action/1.0' and _eClass_.name = 'BuiltInLink') and (let _containmentMF_:ecore::EStructuralFeature = modelFacet.containmentMetaFeature.ecoreFeature in (let _eClass_:ecore::EClass = _containmentMF_.eContainingClass in _eClass_.ePackage.nsURI = 'http://opaeum.org/uimetamodel/1.0' and _eClass_.name = 'UimContainer') and _containmentMF_.name = 'children')">
    <nodeLabelTraces visualID="5011" queryText="true"/>
  </childNodeTraces>
  <childNodeTraces visualID="3002" queryText="(let _eClass_:ecore::EClass = modelFacet.metaClass.ecoreClass in _eClass_.ePackage.nsURI = 'http://opaeum.org/uimetamodel/action/1.0' and _eClass_.name = 'LinkToQuery') and (let _containmentMF_:ecore::EStructuralFeature = modelFacet.containmentMetaFeature.ecoreFeature in (let _eClass_:ecore::EClass = _containmentMF_.eContainingClass in _eClass_.ePackage.nsURI = 'http://opaeum.org/uimetamodel/1.0' and _eClass_.name = 'UimContainer') and _containmentMF_.name = 'children')">
    <nodeLabelTraces visualID="5012" queryText="true"/>
  </childNodeTraces>
  <childNodeTraces visualID="3003" queryText="(let _eClass_:ecore::EClass = modelFacet.metaClass.ecoreClass in _eClass_.ePackage.nsURI = 'http://opaeum.org/uimetamodel/action/1.0' and _eClass_.name = 'InvocationButton') and (let _containmentMF_:ecore::EStructuralFeature = modelFacet.containmentMetaFeature.ecoreFeature in (let _eClass_:ecore::EClass = _containmentMF_.eContainingClass in _eClass_.ePackage.nsURI = 'http://opaeum.org/uimetamodel/1.0' and _eClass_.name = 'UimContainer') and _containmentMF_.name = 'children')">
    <nodeLabelTraces visualID="5013" queryText="true"/>
  </childNodeTraces>
  <childNodeTraces visualID="3004" queryText="(let _eClass_:ecore::EClass = modelFacet.metaClass.ecoreClass in _eClass_.ePackage.nsURI = 'http://opaeum.org/uimetamodel/action/1.0' and _eClass_.name = 'BuiltInActionButton') and (let _containmentMF_:ecore::EStructuralFeature = modelFacet.containmentMetaFeature.ecoreFeature in (let _eClass_:ecore::EClass = _containmentMF_.eContainingClass in _eClass_.ePackage.nsURI = 'http://opaeum.org/uimetamodel/1.0' and _eClass_.name = 'UimContainer') and _containmentMF_.name = 'children')">
    <nodeLabelTraces visualID="5014" queryText="true"/>
  </childNodeTraces>
  <childNodeTraces visualID="3005" queryText="(let _eClass_:ecore::EClass = modelFacet.metaClass.ecoreClass in _eClass_.ePackage.nsURI = 'http://opaeum.org/uimetamodel/action/1.0' and _eClass_.name = 'TransitionButton') and (let _containmentMF_:ecore::EStructuralFeature = modelFacet.containmentMetaFeature.ecoreFeature in (let _eClass_:ecore::EClass = _containmentMF_.eContainingClass in _eClass_.ePackage.nsURI = 'http://opaeum.org/uimetamodel/1.0' and _eClass_.name = 'UimContainer') and _containmentMF_.name = 'children')">
    <nodeLabelTraces visualID="5015" queryText="true"/>
  </childNodeTraces>
</trace:TraceModel>
